2022-02-19 23:25:26,311 - __main__[37620] - MainThread - DEBUG - Start polling ...
2022-02-19 23:25:26,311 - asyncio[37620] - MainThread - DEBUG - Using selector: KqueueSelector
2022-02-19 23:25:26,311 - aiogram[37620] - MainThread - DEBUG - Make request: "getMe" with data: "{}" and files "None"
2022-02-19 23:25:26,475 - aiogram[37620] - MainThread - DEBUG - Response for getMe: [200] "'{"ok":true,"result":{"id":5207220015,"is_bot":true,"first_name":"registration_bot","username":"kate_registration_bot","can_join_groups":true,"can_read_all_group_messages":false,"supports_inline_queries":false}}'"
2022-02-19 23:25:26,476 - aiogram[37620] - MainThread - INFO - Bot: registration_bot [@kate_registration_bot]
2022-02-19 23:25:26,476 - aiogram[37620] - MainThread - DEBUG - Make request: "getWebhookInfo" with data: "{}" and files "None"
2022-02-19 23:25:26,534 - aiogram[37620] - MainThread - DEBUG - Response for getWebhookInfo: [200] "'{"ok":true,"result":{"url":"","has_custom_certificate":false,"pending_update_count":0}}'"
2022-02-19 23:25:26,534 - aiogram[37620] - MainThread - DEBUG - Make request: "getUpdates" with data: "{'offset': -1, 'timeout': 1}" and files "None"
2022-02-19 23:25:27,592 - aiogram[37620] - MainThread - DEBUG - Response for getUpdates: [200] "'{"ok":true,"result":[]}'"
2022-02-19 23:25:27,593 - aiogram[37620] - MainThread - WARNING - Updates were skipped successfully.
2022-02-19 23:25:27,593 - aiogram.dispatcher.dispatcher[37620] - MainThread - INFO - Start polling.
2022-02-19 23:25:27,593 - aiogram[37620] - MainThread - DEBUG - Make request: "getWebhookInfo" with data: "{}" and files "None"
2022-02-19 23:25:27,652 - aiogram[37620] - MainThread - DEBUG - Response for getWebhookInfo: [200] "'{"ok":true,"result":{"url":"","has_custom_certificate":false,"pending_update_count":0}}'"
2022-02-19 23:25:27,653 - aiogram[37620] - MainThread - DEBUG - Make request: "getUpdates" with data: "{'timeout': 20}" and files "None"
2022-02-19 23:25:47,713 - aiogram[37620] - MainThread - DEBUG - Response for getUpdates: [200] "'{"ok":true,"result":[]}'"
2022-02-19 23:25:47,815 - aiogram[37620] - MainThread - DEBUG - Make request: "getUpdates" with data: "{'timeout': 20}" and files "None"
2022-02-19 23:26:07,872 - aiogram[37620] - MainThread - DEBUG - Response for getUpdates: [200] "'{"ok":true,"result":[]}'"
2022-02-19 23:26:07,974 - aiogram[37620] - MainThread - DEBUG - Make request: "getUpdates" with data: "{'timeout': 20}" and files "None"
2022-02-19 23:26:28,033 - aiogram[37620] - MainThread - DEBUG - Response for getUpdates: [200] "'{"ok":true,"result":[]}'"
2022-02-19 23:26:28,136 - aiogram[37620] - MainThread - DEBUG - Make request: "getUpdates" with data: "{'timeout': 20}" and files "None"
2022-02-19 23:26:48,194 - aiogram[37620] - MainThread - DEBUG - Response for getUpdates: [200] "'{"ok":true,"result":[]}'"
2022-02-19 23:26:48,296 - aiogram[37620] - MainThread - DEBUG - Make request: "getUpdates" with data: "{'timeout': 20}" and files "None"
2022-02-19 23:27:08,353 - aiogram[37620] - MainThread - DEBUG - Response for getUpdates: [200] "'{"ok":true,"result":[]}'"
2022-02-19 23:27:08,455 - aiogram[37620] - MainThread - DEBUG - Make request: "getUpdates" with data: "{'timeout': 20}" and files "None"
2022-02-19 23:27:28,536 - aiogram[37620] - MainThread - DEBUG - Response for getUpdates: [200] "'{"ok":true,"result":[]}'"
2022-02-19 23:27:28,638 - aiogram[37620] - MainThread - DEBUG - Make request: "getUpdates" with data: "{'timeout': 20}" and files "None"
2022-02-19 23:27:48,702 - aiogram[37620] - MainThread - DEBUG - Response for getUpdates: [200] "'{"ok":true,"result":[]}'"
2022-02-19 23:27:48,804 - aiogram[37620] - MainThread - DEBUG - Make request: "getUpdates" with data: "{'timeout': 20}" and files "None"
2022-02-19 23:28:08,863 - aiogram[37620] - MainThread - DEBUG - Response for getUpdates: [200] "'{"ok":true,"result":[]}'"
2022-02-19 23:28:08,966 - aiogram[37620] - MainThread - DEBUG - Make request: "getUpdates" with data: "{'timeout': 20}" and files "None"
2022-02-19 23:28:29,028 - aiogram[37620] - MainThread - DEBUG - Response for getUpdates: [200] "'{"ok":true,"result":[]}'"
2022-02-19 23:28:29,130 - aiogram[37620] - MainThread - DEBUG - Make request: "getUpdates" with data: "{'timeout': 20}" and files "None"
2022-02-19 23:28:49,193 - aiogram[37620] - MainThread - DEBUG - Response for getUpdates: [200] "'{"ok":true,"result":[]}'"
2022-02-19 23:28:49,295 - aiogram[37620] - MainThread - DEBUG - Make request: "getUpdates" with data: "{'timeout': 20}" and files "None"
2022-02-19 23:29:09,353 - aiogram[37620] - MainThread - DEBUG - Response for getUpdates: [200] "'{"ok":true,"result":[]}'"
2022-02-19 23:29:09,455 - aiogram[37620] - MainThread - DEBUG - Make request: "getUpdates" with data: "{'timeout': 20}" and files "None"
2022-02-19 23:29:29,517 - aiogram[37620] - MainThread - DEBUG - Response for getUpdates: [200] "'{"ok":true,"result":[]}'"
2022-02-19 23:29:29,619 - aiogram[37620] - MainThread - DEBUG - Make request: "getUpdates" with data: "{'timeout': 20}" and files "None"
2022-02-19 23:29:49,682 - aiogram[37620] - MainThread - DEBUG - Response for getUpdates: [200] "'{"ok":true,"result":[]}'"
2022-02-19 23:29:49,784 - aiogram[37620] - MainThread - DEBUG - Make request: "getUpdates" with data: "{'timeout': 20}" and files "None"
2022-02-19 23:30:09,848 - aiogram[37620] - MainThread - DEBUG - Response for getUpdates: [200] "'{"ok":true,"result":[]}'"
2022-02-19 23:30:09,950 - aiogram[37620] - MainThread - DEBUG - Make request: "getUpdates" with data: "{'timeout': 20}" and files "None"
2022-02-19 23:30:30,058 - aiogram[37620] - MainThread - DEBUG - Response for getUpdates: [200] "'{"ok":true,"result":[]}'"
2022-02-19 23:30:30,161 - aiogram[37620] - MainThread - DEBUG - Make request: "getUpdates" with data: "{'timeout': 20}" and files "None"
2022-02-19 23:30:50,218 - aiogram[37620] - MainThread - DEBUG - Response for getUpdates: [200] "'{"ok":true,"result":[]}'"
2022-02-19 23:30:50,321 - aiogram[37620] - MainThread - DEBUG - Make request: "getUpdates" with data: "{'timeout': 20}" and files "None"
2022-02-19 23:31:10,383 - aiogram[37620] - MainThread - DEBUG - Response for getUpdates: [200] "'{"ok":true,"result":[]}'"
2022-02-19 23:31:10,485 - aiogram[37620] - MainThread - DEBUG - Make request: "getUpdates" with data: "{'timeout': 20}" and files "None"
2022-02-19 23:31:30,552 - aiogram[37620] - MainThread - DEBUG - Response for getUpdates: [200] "'{"ok":true,"result":[]}'"
2022-02-19 23:31:30,653 - aiogram[37620] - MainThread - DEBUG - Make request: "getUpdates" with data: "{'timeout': 20}" and files "None"
2022-02-19 23:31:34,772 - aiogram.dispatcher.dispatcher[37620] - MainThread - INFO - Stop polling...
2022-02-19 23:31:34,773 - aiogram[37620] - MainThread - WARNING - Goodbye!
2022-02-19 23:35:28,930 - __main__[37761] - MainThread - DEBUG - Start polling ...
2022-02-19 23:35:28,930 - asyncio[37761] - MainThread - DEBUG - Using selector: KqueueSelector
2022-02-19 23:35:28,931 - aiogram[37761] - MainThread - DEBUG - Make request: "getMe" with data: "{}" and files "None"
2022-02-19 23:35:29,108 - aiogram[37761] - MainThread - DEBUG - Response for getMe: [200] "'{"ok":true,"result":{"id":5207220015,"is_bot":true,"first_name":"registration_bot","username":"kate_registration_bot","can_join_groups":true,"can_read_all_group_messages":false,"supports_inline_queries":false}}'"
2022-02-19 23:35:29,108 - aiogram[37761] - MainThread - INFO - Bot: registration_bot [@kate_registration_bot]
2022-02-19 23:35:29,108 - aiogram[37761] - MainThread - DEBUG - Make request: "getWebhookInfo" with data: "{}" and files "None"
2022-02-19 23:35:29,161 - aiogram[37761] - MainThread - DEBUG - Response for getWebhookInfo: [200] "'{"ok":true,"result":{"url":"","has_custom_certificate":false,"pending_update_count":0}}'"
2022-02-19 23:35:29,161 - aiogram[37761] - MainThread - DEBUG - Make request: "getUpdates" with data: "{'offset': -1, 'timeout': 1}" and files "None"
2022-02-19 23:35:30,212 - aiogram[37761] - MainThread - DEBUG - Response for getUpdates: [200] "'{"ok":true,"result":[]}'"
2022-02-19 23:35:30,213 - aiogram[37761] - MainThread - WARNING - Updates were skipped successfully.
2022-02-19 23:35:30,213 - aiogram.dispatcher.dispatcher[37761] - MainThread - INFO - Start polling.
2022-02-19 23:35:30,213 - aiogram[37761] - MainThread - DEBUG - Make request: "getWebhookInfo" with data: "{}" and files "None"
2022-02-19 23:35:30,267 - aiogram[37761] - MainThread - DEBUG - Response for getWebhookInfo: [200] "'{"ok":true,"result":{"url":"","has_custom_certificate":false,"pending_update_count":0}}'"
2022-02-19 23:35:30,268 - aiogram[37761] - MainThread - DEBUG - Make request: "getUpdates" with data: "{'timeout': 20}" and files "None"
2022-02-19 23:35:39,413 - aiogram[37761] - MainThread - DEBUG - Response for getUpdates: [200] "'{"ok":true,"result":[{"update_id":455546148,\n"message":{"message_id":1,"from":{"id":345002249,"is_bot":false,"first_name":"\\u041d\\u0438\\u043a\\u0438\\u0442\\u0430","last_name":"\\u0415\\u0441\\u0438\\u043f\\u043e\\u0432","username":"dasadaerto","language_code":"ru"},"chat":{"id":345002249,"first_name":"\\u041d\\u0438\\u043a\\u0438\\u0442\\u0430","last_name":"\\u0415\\u0441\\u0438\\u043f\\u043e\\u0432","username":"dasadaerto","type":"private"},"date":1645302939,"text":"/start","entities":[{"offset":0,"length":6,"type":"bot_command"}]}}]}'"
2022-02-19 23:35:39,414 - aiogram.dispatcher.dispatcher[37761] - MainThread - DEBUG - Received 1 updates.
2022-02-19 23:35:39,416 - asyncio[37761] - MainThread - ERROR - Task exception was never retrieved
future: <Task finished name='Task-9' coro=<Dispatcher._process_polling_updates() done, defined at /Users/nikitaesipov/Documents/PythonProjects/registration_bot/venv/lib/python3.9/site-packages/aiogram/dispatcher/dispatcher.py:407> exception=TypeError("object NoneType can't be used in 'await' expression")>
Traceback (most recent call last):
  File "/Users/nikitaesipov/Documents/PythonProjects/registration_bot/venv/lib/python3.9/site-packages/aiogram/dispatcher/dispatcher.py", line 415, in _process_polling_updates
    for responses in itertools.chain.from_iterable(await self.process_updates(updates, fast)):
  File "/Users/nikitaesipov/Documents/PythonProjects/registration_bot/venv/lib/python3.9/site-packages/aiogram/dispatcher/dispatcher.py", line 235, in process_updates
    return await asyncio.gather(*tasks)
  File "/Users/nikitaesipov/Documents/PythonProjects/registration_bot/venv/lib/python3.9/site-packages/aiogram/dispatcher/handler.py", line 116, in notify
    response = await handler_obj.handler(*args, **partial_data)
  File "/Users/nikitaesipov/Documents/PythonProjects/registration_bot/venv/lib/python3.9/site-packages/aiogram/dispatcher/dispatcher.py", line 256, in process_update
    return await self.message_handlers.notify(update.message)
  File "/Users/nikitaesipov/Documents/PythonProjects/registration_bot/venv/lib/python3.9/site-packages/aiogram/dispatcher/handler.py", line 116, in notify
    response = await handler_obj.handler(*args, **partial_data)
TypeError: object NoneType can't be used in 'await' expression
2022-02-19 23:35:39,517 - aiogram[37761] - MainThread - DEBUG - Make request: "getUpdates" with data: "{'offset': 455546149, 'timeout': 20}" and files "None"
2022-02-19 23:35:59,577 - aiogram[37761] - MainThread - DEBUG - Response for getUpdates: [200] "'{"ok":true,"result":[]}'"
2022-02-19 23:35:59,679 - aiogram[37761] - MainThread - DEBUG - Make request: "getUpdates" with data: "{'offset': 455546149, 'timeout': 20}" and files "None"
2022-02-19 23:36:19,737 - aiogram[37761] - MainThread - DEBUG - Response for getUpdates: [200] "'{"ok":true,"result":[]}'"
2022-02-19 23:36:19,839 - aiogram[37761] - MainThread - DEBUG - Make request: "getUpdates" with data: "{'offset': 455546149, 'timeout': 20}" and files "None"
2022-02-19 23:36:39,893 - aiogram[37761] - MainThread - DEBUG - Response for getUpdates: [200] "'{"ok":true,"result":[]}'"
2022-02-19 23:36:39,994 - aiogram[37761] - MainThread - DEBUG - Make request: "getUpdates" with data: "{'offset': 455546149, 'timeout': 20}" and files "None"
2022-02-19 23:37:00,049 - aiogram[37761] - MainThread - DEBUG - Response for getUpdates: [200] "'{"ok":true,"result":[]}'"
2022-02-19 23:37:00,151 - aiogram[37761] - MainThread - DEBUG - Make request: "getUpdates" with data: "{'offset': 455546149, 'timeout': 20}" and files "None"
2022-02-19 23:37:08,563 - aiogram.dispatcher.dispatcher[37761] - MainThread - INFO - Stop polling...
2022-02-19 23:37:08,564 - aiogram[37761] - MainThread - WARNING - Goodbye!
2022-02-19 23:37:09,753 - __main__[37791] - MainThread - DEBUG - Start polling ...
2022-02-19 23:37:09,754 - asyncio[37791] - MainThread - DEBUG - Using selector: KqueueSelector
2022-02-19 23:37:09,754 - aiogram[37791] - MainThread - DEBUG - Make request: "getMe" with data: "{}" and files "None"
2022-02-19 23:37:09,915 - aiogram[37791] - MainThread - DEBUG - Response for getMe: [200] "'{"ok":true,"result":{"id":5207220015,"is_bot":true,"first_name":"registration_bot","username":"kate_registration_bot","can_join_groups":true,"can_read_all_group_messages":false,"supports_inline_queries":false}}'"
2022-02-19 23:37:09,915 - aiogram[37791] - MainThread - INFO - Bot: registration_bot [@kate_registration_bot]
2022-02-19 23:37:09,915 - aiogram[37791] - MainThread - DEBUG - Make request: "getWebhookInfo" with data: "{}" and files "None"
2022-02-19 23:37:09,964 - aiogram[37791] - MainThread - DEBUG - Response for getWebhookInfo: [200] "'{"ok":true,"result":{"url":"","has_custom_certificate":false,"pending_update_count":0}}'"
2022-02-19 23:37:09,964 - aiogram[37791] - MainThread - DEBUG - Make request: "getUpdates" with data: "{'offset': -1, 'timeout': 1}" and files "None"
2022-02-19 23:37:11,018 - aiogram[37791] - MainThread - DEBUG - Response for getUpdates: [200] "'{"ok":true,"result":[]}'"
2022-02-19 23:37:11,018 - aiogram[37791] - MainThread - WARNING - Updates were skipped successfully.
2022-02-19 23:37:11,018 - aiogram.dispatcher.dispatcher[37791] - MainThread - INFO - Start polling.
2022-02-19 23:37:11,018 - aiogram[37791] - MainThread - DEBUG - Make request: "getWebhookInfo" with data: "{}" and files "None"
2022-02-19 23:37:11,077 - aiogram[37791] - MainThread - DEBUG - Response for getWebhookInfo: [200] "'{"ok":true,"result":{"url":"","has_custom_certificate":false,"pending_update_count":0}}'"
2022-02-19 23:37:11,078 - aiogram[37791] - MainThread - DEBUG - Make request: "getUpdates" with data: "{'timeout': 20}" and files "None"
2022-02-19 23:37:14,237 - aiogram[37791] - MainThread - DEBUG - Response for getUpdates: [200] "'{"ok":true,"result":[{"update_id":455546149,\n"message":{"message_id":2,"from":{"id":345002249,"is_bot":false,"first_name":"\\u041d\\u0438\\u043a\\u0438\\u0442\\u0430","last_name":"\\u0415\\u0441\\u0438\\u043f\\u043e\\u0432","username":"dasadaerto","language_code":"ru"},"chat":{"id":345002249,"first_name":"\\u041d\\u0438\\u043a\\u0438\\u0442\\u0430","last_name":"\\u0415\\u0441\\u0438\\u043f\\u043e\\u0432","username":"dasadaerto","type":"private"},"date":1645303034,"text":"/start","entities":[{"offset":0,"length":6,"type":"bot_command"}]}}]}'"
2022-02-19 23:37:14,238 - aiogram.dispatcher.dispatcher[37791] - MainThread - DEBUG - Received 1 updates.
2022-02-19 23:37:14,238 - aiogram[37791] - MainThread - DEBUG - Make request: "sendMessage" with data: "{'chat_id': 345002249, 'text': 'Hello from register bot'}" and files "None"
2022-02-19 23:37:14,339 - aiogram[37791] - MainThread - DEBUG - Make request: "getUpdates" with data: "{'offset': 455546150, 'timeout': 20}" and files "None"
2022-02-19 23:37:14,371 - aiogram[37791] - MainThread - DEBUG - Response for sendMessage: [200] "'{"ok":true,"result":{"message_id":3,"from":{"id":5207220015,"is_bot":true,"first_name":"registration_bot","username":"kate_registration_bot"},"chat":{"id":345002249,"first_name":"\\u041d\\u0438\\u043a\\u0438\\u0442\\u0430","last_name":"\\u0415\\u0441\\u0438\\u043f\\u043e\\u0432","username":"dasadaerto","type":"private"},"date":1645303034,"text":"Hello from register bot"}}'"
2022-02-19 23:37:34,502 - aiogram[37791] - MainThread - DEBUG - Response for getUpdates: [200] "'{"ok":true,"result":[]}'"
2022-02-19 23:37:34,605 - aiogram[37791] - MainThread - DEBUG - Make request: "getUpdates" with data: "{'offset': 455546150, 'timeout': 20}" and files "None"
2022-02-19 23:40:06,101 - aiogram[37791] - MainThread - DEBUG - Response for getUpdates: [200] "'{"ok":true,"result":[]}'"
2022-02-19 23:40:06,205 - aiogram[37791] - MainThread - DEBUG - Make request: "getUpdates" with data: "{'offset': 455546150, 'timeout': 20}" and files "None"
2022-02-19 23:44:44,605 - aiogram[37791] - MainThread - DEBUG - Response for getUpdates: [200] "'{"ok":true,"result":[]}'"
2022-02-19 23:44:44,707 - aiogram[37791] - MainThread - DEBUG - Make request: "getUpdates" with data: "{'offset': 455546150, 'timeout': 20}" and files "None"
2022-02-19 23:45:04,875 - aiogram[37791] - MainThread - DEBUG - Response for getUpdates: [200] "'{"ok":true,"result":[]}'"
2022-02-19 23:45:04,976 - aiogram[37791] - MainThread - DEBUG - Make request: "getUpdates" with data: "{'offset': 455546150, 'timeout': 20}" and files "None"
2022-02-19 23:45:25,031 - aiogram[37791] - MainThread - DEBUG - Response for getUpdates: [200] "'{"ok":true,"result":[]}'"
2022-02-19 23:45:25,133 - aiogram[37791] - MainThread - DEBUG - Make request: "getUpdates" with data: "{'offset': 455546150, 'timeout': 20}" and files "None"
2022-02-19 23:45:45,193 - aiogram[37791] - MainThread - DEBUG - Response for getUpdates: [200] "'{"ok":true,"result":[]}'"
2022-02-19 23:45:45,294 - aiogram[37791] - MainThread - DEBUG - Make request: "getUpdates" with data: "{'offset': 455546150, 'timeout': 20}" and files "None"
2022-02-19 23:45:48,893 - aiogram.dispatcher.dispatcher[37791] - MainThread - INFO - Stop polling...
2022-02-19 23:45:48,893 - aiogram[37791] - MainThread - WARNING - Goodbye!
2022-02-19 23:56:58,039 - framework.localization[38366] - MainThread - INFO - Loading localization from /Users/nikitaesipov/Documents/PythonProjects/registration_bot/resources/localization/ru.yaml
2022-02-19 23:56:58,047 - __main__[38366] - MainThread - DEBUG - Start polling ...
2022-02-19 23:56:58,047 - asyncio[38366] - MainThread - DEBUG - Using selector: KqueueSelector
2022-02-19 23:56:58,047 - aiogram[38366] - MainThread - DEBUG - Make request: "getMe" with data: "{}" and files "None"
2022-02-19 23:56:58,270 - aiogram[38366] - MainThread - DEBUG - Response for getMe: [200] "'{"ok":true,"result":{"id":5207220015,"is_bot":true,"first_name":"registration_bot","username":"kate_registration_bot","can_join_groups":true,"can_read_all_group_messages":false,"supports_inline_queries":false}}'"
2022-02-19 23:56:58,271 - aiogram[38366] - MainThread - INFO - Bot: registration_bot [@kate_registration_bot]
2022-02-19 23:56:58,271 - aiogram[38366] - MainThread - DEBUG - Make request: "getWebhookInfo" with data: "{}" and files "None"
2022-02-19 23:56:58,325 - aiogram[38366] - MainThread - DEBUG - Response for getWebhookInfo: [200] "'{"ok":true,"result":{"url":"","has_custom_certificate":false,"pending_update_count":0}}'"
2022-02-19 23:56:58,325 - aiogram[38366] - MainThread - DEBUG - Make request: "getUpdates" with data: "{'offset': -1, 'timeout': 1}" and files "None"
2022-02-19 23:56:59,489 - aiogram[38366] - MainThread - DEBUG - Response for getUpdates: [200] "'{"ok":true,"result":[]}'"
2022-02-19 23:56:59,490 - aiogram[38366] - MainThread - WARNING - Updates were skipped successfully.
2022-02-19 23:56:59,490 - aiogram.dispatcher.dispatcher[38366] - MainThread - INFO - Start polling.
2022-02-19 23:56:59,491 - aiogram[38366] - MainThread - DEBUG - Make request: "getWebhookInfo" with data: "{}" and files "None"
2022-02-19 23:56:59,546 - aiogram[38366] - MainThread - DEBUG - Response for getWebhookInfo: [200] "'{"ok":true,"result":{"url":"","has_custom_certificate":false,"pending_update_count":0}}'"
2022-02-19 23:56:59,546 - aiogram[38366] - MainThread - DEBUG - Make request: "getUpdates" with data: "{'timeout': 20}" and files "None"
2022-02-19 23:57:03,289 - aiogram[38366] - MainThread - DEBUG - Response for getUpdates: [200] "'{"ok":true,"result":[{"update_id":455546150,\n"message":{"message_id":4,"from":{"id":345002249,"is_bot":false,"first_name":"\\u041d\\u0438\\u043a\\u0438\\u0442\\u0430","last_name":"\\u0415\\u0441\\u0438\\u043f\\u043e\\u0432","username":"dasadaerto","language_code":"ru"},"chat":{"id":345002249,"first_name":"\\u041d\\u0438\\u043a\\u0438\\u0442\\u0430","last_name":"\\u0415\\u0441\\u0438\\u043f\\u043e\\u0432","username":"dasadaerto","type":"private"},"date":1645304223,"text":"/start","entities":[{"offset":0,"length":6,"type":"bot_command"}]}}]}'"
2022-02-19 23:57:03,294 - aiogram.dispatcher.dispatcher[38366] - MainThread - DEBUG - Received 1 updates.
2022-02-19 23:57:03,295 - aiogram[38366] - MainThread - DEBUG - Make request: "sendMessage" with data: "{'chat_id': 345002249, 'text': 'Приветик от бота записи на прием'}" and files "None"
2022-02-19 23:57:03,388 - aiogram[38366] - MainThread - DEBUG - Response for sendMessage: [200] "'{"ok":true,"result":{"message_id":5,"from":{"id":5207220015,"is_bot":true,"first_name":"registration_bot","username":"kate_registration_bot"},"chat":{"id":345002249,"first_name":"\\u041d\\u0438\\u043a\\u0438\\u0442\\u0430","last_name":"\\u0415\\u0441\\u0438\\u043f\\u043e\\u0432","username":"dasadaerto","type":"private"},"date":1645304223,"text":"\\u041f\\u0440\\u0438\\u0432\\u0435\\u0442\\u0438\\u043a \\u043e\\u0442 \\u0431\\u043e\\u0442\\u0430 \\u0437\\u0430\\u043f\\u0438\\u0441\\u0438 \\u043d\\u0430 \\u043f\\u0440\\u0438\\u0435\\u043c"}}'"
2022-02-19 23:57:03,396 - aiogram[38366] - MainThread - DEBUG - Make request: "getUpdates" with data: "{'offset': 455546151, 'timeout': 20}" and files "None"
2022-02-19 23:57:23,463 - aiogram[38366] - MainThread - DEBUG - Response for getUpdates: [200] "'{"ok":true,"result":[]}'"
2022-02-19 23:57:23,566 - aiogram[38366] - MainThread - DEBUG - Make request: "getUpdates" with data: "{'offset': 455546151, 'timeout': 20}" and files "None"
2022-02-19 23:57:43,635 - aiogram[38366] - MainThread - DEBUG - Response for getUpdates: [200] "'{"ok":true,"result":[]}'"
2022-02-19 23:57:43,737 - aiogram[38366] - MainThread - DEBUG - Make request: "getUpdates" with data: "{'offset': 455546151, 'timeout': 20}" and files "None"
2022-02-19 23:58:03,796 - aiogram[38366] - MainThread - DEBUG - Response for getUpdates: [200] "'{"ok":true,"result":[]}'"
2022-02-19 23:58:03,897 - aiogram[38366] - MainThread - DEBUG - Make request: "getUpdates" with data: "{'offset': 455546151, 'timeout': 20}" and files "None"
2022-02-19 23:58:23,958 - aiogram[38366] - MainThread - DEBUG - Response for getUpdates: [200] "'{"ok":true,"result":[]}'"
2022-02-19 23:58:24,061 - aiogram[38366] - MainThread - DEBUG - Make request: "getUpdates" with data: "{'offset': 455546151, 'timeout': 20}" and files "None"
2022-02-19 23:58:44,119 - aiogram[38366] - MainThread - DEBUG - Response for getUpdates: [200] "'{"ok":true,"result":[]}'"
2022-02-19 23:58:44,221 - aiogram[38366] - MainThread - DEBUG - Make request: "getUpdates" with data: "{'offset': 455546151, 'timeout': 20}" and files "None"
2022-02-19 23:59:04,278 - aiogram[38366] - MainThread - DEBUG - Response for getUpdates: [200] "'{"ok":true,"result":[]}'"
2022-02-19 23:59:04,381 - aiogram[38366] - MainThread - DEBUG - Make request: "getUpdates" with data: "{'offset': 455546151, 'timeout': 20}" and files "None"
2022-02-19 23:59:24,440 - aiogram[38366] - MainThread - DEBUG - Response for getUpdates: [200] "'{"ok":true,"result":[]}'"
2022-02-19 23:59:24,542 - aiogram[38366] - MainThread - DEBUG - Make request: "getUpdates" with data: "{'offset': 455546151, 'timeout': 20}" and files "None"
2022-02-19 23:59:44,629 - aiogram[38366] - MainThread - DEBUG - Response for getUpdates: [200] "'{"ok":true,"result":[]}'"
2022-02-19 23:59:44,730 - aiogram[38366] - MainThread - DEBUG - Make request: "getUpdates" with data: "{'offset': 455546151, 'timeout': 20}" and files "None"
2022-02-20 00:00:04,789 - aiogram[38366] - MainThread - DEBUG - Response for getUpdates: [200] "'{"ok":true,"result":[]}'"
2022-02-20 00:00:04,891 - aiogram[38366] - MainThread - DEBUG - Make request: "getUpdates" with data: "{'offset': 455546151, 'timeout': 20}" and files "None"
2022-02-20 00:00:24,958 - aiogram[38366] - MainThread - DEBUG - Response for getUpdates: [200] "'{"ok":true,"result":[]}'"
2022-02-20 00:00:25,060 - aiogram[38366] - MainThread - DEBUG - Make request: "getUpdates" with data: "{'offset': 455546151, 'timeout': 20}" and files "None"
2022-02-20 00:00:45,122 - aiogram[38366] - MainThread - DEBUG - Response for getUpdates: [200] "'{"ok":true,"result":[]}'"
2022-02-20 00:00:45,225 - aiogram[38366] - MainThread - DEBUG - Make request: "getUpdates" with data: "{'offset': 455546151, 'timeout': 20}" and files "None"
2022-02-20 00:01:05,295 - aiogram[38366] - MainThread - DEBUG - Response for getUpdates: [200] "'{"ok":true,"result":[]}'"
2022-02-20 00:01:05,397 - aiogram[38366] - MainThread - DEBUG - Make request: "getUpdates" with data: "{'offset': 455546151, 'timeout': 20}" and files "None"
2022-02-20 00:01:25,460 - aiogram[38366] - MainThread - DEBUG - Response for getUpdates: [200] "'{"ok":true,"result":[]}'"
2022-02-20 00:01:25,562 - aiogram[38366] - MainThread - DEBUG - Make request: "getUpdates" with data: "{'offset': 455546151, 'timeout': 20}" and files "None"
2022-02-20 00:01:45,623 - aiogram[38366] - MainThread - DEBUG - Response for getUpdates: [200] "'{"ok":true,"result":[]}'"
2022-02-20 00:01:45,725 - aiogram[38366] - MainThread - DEBUG - Make request: "getUpdates" with data: "{'offset': 455546151, 'timeout': 20}" and files "None"
2022-02-20 00:02:05,804 - aiogram[38366] - MainThread - DEBUG - Response for getUpdates: [200] "'{"ok":true,"result":[]}'"
2022-02-20 00:02:05,914 - aiogram[38366] - MainThread - DEBUG - Make request: "getUpdates" with data: "{'offset': 455546151, 'timeout': 20}" and files "None"
2022-02-20 00:02:25,974 - aiogram[38366] - MainThread - DEBUG - Response for getUpdates: [200] "'{"ok":true,"result":[]}'"
2022-02-20 00:02:26,076 - aiogram[38366] - MainThread - DEBUG - Make request: "getUpdates" with data: "{'offset': 455546151, 'timeout': 20}" and files "None"
2022-02-20 00:02:46,135 - aiogram[38366] - MainThread - DEBUG - Response for getUpdates: [200] "'{"ok":true,"result":[]}'"
2022-02-20 00:02:46,237 - aiogram[38366] - MainThread - DEBUG - Make request: "getUpdates" with data: "{'offset': 455546151, 'timeout': 20}" and files "None"
2022-02-20 00:03:06,314 - aiogram[38366] - MainThread - DEBUG - Response for getUpdates: [200] "'{"ok":true,"result":[]}'"
2022-02-20 00:03:06,416 - aiogram[38366] - MainThread - DEBUG - Make request: "getUpdates" with data: "{'offset': 455546151, 'timeout': 20}" and files "None"
2022-02-20 00:03:26,478 - aiogram[38366] - MainThread - DEBUG - Response for getUpdates: [200] "'{"ok":true,"result":[]}'"
2022-02-20 00:03:26,580 - aiogram[38366] - MainThread - DEBUG - Make request: "getUpdates" with data: "{'offset': 455546151, 'timeout': 20}" and files "None"
2022-02-20 00:03:46,648 - aiogram[38366] - MainThread - DEBUG - Response for getUpdates: [200] "'{"ok":true,"result":[]}'"
2022-02-20 00:03:46,750 - aiogram[38366] - MainThread - DEBUG - Make request: "getUpdates" with data: "{'offset': 455546151, 'timeout': 20}" and files "None"
2022-02-20 00:04:06,845 - aiogram[38366] - MainThread - DEBUG - Response for getUpdates: [200] "'{"ok":true,"result":[]}'"
2022-02-20 00:04:06,947 - aiogram[38366] - MainThread - DEBUG - Make request: "getUpdates" with data: "{'offset': 455546151, 'timeout': 20}" and files "None"
2022-02-20 00:04:27,006 - aiogram[38366] - MainThread - DEBUG - Response for getUpdates: [200] "'{"ok":true,"result":[]}'"
2022-02-20 00:04:27,107 - aiogram[38366] - MainThread - DEBUG - Make request: "getUpdates" with data: "{'offset': 455546151, 'timeout': 20}" and files "None"
2022-02-20 00:04:47,165 - aiogram[38366] - MainThread - DEBUG - Response for getUpdates: [200] "'{"ok":true,"result":[]}'"
2022-02-20 00:04:47,267 - aiogram[38366] - MainThread - DEBUG - Make request: "getUpdates" with data: "{'offset': 455546151, 'timeout': 20}" and files "None"
2022-02-20 00:05:07,327 - aiogram[38366] - MainThread - DEBUG - Response for getUpdates: [200] "'{"ok":true,"result":[]}'"
2022-02-20 00:05:07,428 - aiogram[38366] - MainThread - DEBUG - Make request: "getUpdates" with data: "{'offset': 455546151, 'timeout': 20}" and files "None"
2022-02-20 00:05:27,654 - aiogram[38366] - MainThread - DEBUG - Response for getUpdates: [200] "'{"ok":true,"result":[]}'"
2022-02-20 00:05:27,755 - aiogram[38366] - MainThread - DEBUG - Make request: "getUpdates" with data: "{'offset': 455546151, 'timeout': 20}" and files "None"
2022-02-20 00:05:47,841 - aiogram[38366] - MainThread - DEBUG - Response for getUpdates: [200] "'{"ok":true,"result":[]}'"
2022-02-20 00:05:47,942 - aiogram[38366] - MainThread - DEBUG - Make request: "getUpdates" with data: "{'offset': 455546151, 'timeout': 20}" and files "None"
2022-02-20 00:06:07,999 - aiogram[38366] - MainThread - DEBUG - Response for getUpdates: [200] "'{"ok":true,"result":[]}'"
2022-02-20 00:06:08,101 - aiogram[38366] - MainThread - DEBUG - Make request: "getUpdates" with data: "{'offset': 455546151, 'timeout': 20}" and files "None"
2022-02-20 00:06:28,160 - aiogram[38366] - MainThread - DEBUG - Response for getUpdates: [200] "'{"ok":true,"result":[]}'"
2022-02-20 00:06:28,261 - aiogram[38366] - MainThread - DEBUG - Make request: "getUpdates" with data: "{'offset': 455546151, 'timeout': 20}" and files "None"
2022-02-20 00:06:48,319 - aiogram[38366] - MainThread - DEBUG - Response for getUpdates: [200] "'{"ok":true,"result":[]}'"
2022-02-20 00:06:48,421 - aiogram[38366] - MainThread - DEBUG - Make request: "getUpdates" with data: "{'offset': 455546151, 'timeout': 20}" and files "None"
2022-02-20 00:07:08,479 - aiogram[38366] - MainThread - DEBUG - Response for getUpdates: [200] "'{"ok":true,"result":[]}'"
2022-02-20 00:07:08,581 - aiogram[38366] - MainThread - DEBUG - Make request: "getUpdates" with data: "{'offset': 455546151, 'timeout': 20}" and files "None"
2022-02-20 00:07:28,690 - aiogram[38366] - MainThread - DEBUG - Response for getUpdates: [200] "'{"ok":true,"result":[]}'"
2022-02-20 00:07:28,791 - aiogram[38366] - MainThread - DEBUG - Make request: "getUpdates" with data: "{'offset': 455546151, 'timeout': 20}" and files "None"
2022-02-20 00:07:48,849 - aiogram[38366] - MainThread - DEBUG - Response for getUpdates: [200] "'{"ok":true,"result":[]}'"
2022-02-20 00:07:48,951 - aiogram[38366] - MainThread - DEBUG - Make request: "getUpdates" with data: "{'offset': 455546151, 'timeout': 20}" and files "None"
2022-02-20 00:08:09,018 - aiogram[38366] - MainThread - DEBUG - Response for getUpdates: [200] "'{"ok":true,"result":[]}'"
2022-02-20 00:08:09,119 - aiogram[38366] - MainThread - DEBUG - Make request: "getUpdates" with data: "{'offset': 455546151, 'timeout': 20}" and files "None"
2022-02-20 00:08:29,178 - aiogram[38366] - MainThread - DEBUG - Response for getUpdates: [200] "'{"ok":true,"result":[]}'"
2022-02-20 00:08:29,280 - aiogram[38366] - MainThread - DEBUG - Make request: "getUpdates" with data: "{'offset': 455546151, 'timeout': 20}" and files "None"
2022-02-20 00:08:49,341 - aiogram[38366] - MainThread - DEBUG - Response for getUpdates: [200] "'{"ok":true,"result":[]}'"
2022-02-20 00:08:49,443 - aiogram[38366] - MainThread - DEBUG - Make request: "getUpdates" with data: "{'offset': 455546151, 'timeout': 20}" and files "None"
2022-02-20 00:09:09,497 - aiogram[38366] - MainThread - DEBUG - Response for getUpdates: [200] "'{"ok":true,"result":[]}'"
2022-02-20 00:09:09,599 - aiogram[38366] - MainThread - DEBUG - Make request: "getUpdates" with data: "{'offset': 455546151, 'timeout': 20}" and files "None"
2022-02-20 00:09:18,535 - aiogram.dispatcher.dispatcher[38366] - MainThread - INFO - Stop polling...
2022-02-20 00:09:18,535 - aiogram[38366] - MainThread - WARNING - Goodbye!
